2020-06-06 12:18:17.678 o.a.s.d.logviewer main [INFO] Starting logviewer server for storm version '1.2.3'
2020-06-06 12:18:17.742 o.a.s.s.o.e.j.s.Server main [INFO] jetty-7.x.y-SNAPSHOT
2020-06-06 12:18:17.769 o.a.s.s.o.e.j.s.h.ContextHandler main [INFO] started o.a.s.s.o.e.j.s.ServletContextHandler{/,null}
2020-06-06 12:18:17.790 o.a.s.s.o.e.j.s.AbstractConnector main [INFO] Started SelectChannelConnector@0.0.0.0:8000
2020-06-06 12:18:17.791 o.a.s.d.m.MetricsUtils main [INFO] Using statistics reporter plugin:org.apache.storm.daemon.metrics.reporters.JmxPreparableReporter
2020-06-06 12:18:17.791 o.a.s.d.m.r.JmxPreparableReporter main [INFO] Preparing...
2020-06-06 12:18:17.798 o.a.s.d.common main [INFO] Started statistics report plugin...
2020-08-05 12:08:56.087 o.a.s.d.logviewer main [INFO] Starting logviewer server for storm version '1.2.3'
2020-08-05 12:08:56.645 o.a.s.s.o.e.j.s.Server main [INFO] jetty-7.x.y-SNAPSHOT
2020-08-05 12:08:56.678 o.a.s.s.o.e.j.s.h.ContextHandler main [INFO] started o.a.s.s.o.e.j.s.ServletContextHandler{/,null}
2020-08-05 12:08:56.712 o.a.s.s.o.e.j.s.AbstractConnector main [INFO] Started SelectChannelConnector@0.0.0.0:8000
2020-08-05 12:08:56.713 o.a.s.d.m.MetricsUtils main [INFO] Using statistics reporter plugin:org.apache.storm.daemon.metrics.reporters.JmxPreparableReporter
2020-08-05 12:08:56.714 o.a.s.d.m.r.JmxPreparableReporter main [INFO] Preparing...
2020-08-05 12:08:56.724 o.a.s.d.common main [INFO] Started statistics report plugin...
2020-08-26 01:08:10.544 o.a.s.d.logviewer main [INFO] Starting logviewer server for storm version '1.2.3'
2020-08-26 01:08:10.961 o.a.s.s.o.e.j.s.Server main [INFO] jetty-7.x.y-SNAPSHOT
2020-08-26 01:08:10.988 o.a.s.s.o.e.j.s.h.ContextHandler main [INFO] started o.a.s.s.o.e.j.s.ServletContextHandler{/,null}
2020-08-26 01:08:11.030 o.a.s.s.o.e.j.s.AbstractConnector main [INFO] Started SelectChannelConnector@0.0.0.0:8000
2020-08-26 01:08:11.031 o.a.s.d.m.MetricsUtils main [INFO] Using statistics reporter plugin:org.apache.storm.daemon.metrics.reporters.JmxPreparableReporter
2020-08-26 01:08:11.032 o.a.s.d.m.r.JmxPreparableReporter main [INFO] Preparing...
2020-08-26 01:08:11.038 o.a.s.d.common main [INFO] Started statistics report plugin...
2020-08-28 00:04:44.820 o.a.s.d.logviewer main [INFO] Starting logviewer server for storm version '1.2.3'
2020-08-28 00:04:45.191 o.a.s.s.o.e.j.s.Server main [INFO] jetty-7.x.y-SNAPSHOT
2020-08-28 00:04:45.221 o.a.s.s.o.e.j.s.h.ContextHandler main [INFO] started o.a.s.s.o.e.j.s.ServletContextHandler{/,null}
2020-08-28 00:04:45.272 o.a.s.s.o.e.j.s.AbstractConnector main [INFO] Started SelectChannelConnector@0.0.0.0:8000
2020-08-28 00:04:45.272 o.a.s.d.m.MetricsUtils main [INFO] Using statistics reporter plugin:org.apache.storm.daemon.metrics.reporters.JmxPreparableReporter
2020-08-28 00:04:45.274 o.a.s.d.m.r.JmxPreparableReporter main [INFO] Preparing...
2020-08-28 00:04:45.284 o.a.s.d.common main [INFO] Started statistics report plugin...
